15:40:34.783 [main] DEBUG Bank.BankImpl - Finished function: getBalance
15:40:34.808 [main] DEBUG Bank.BankImpl - Started function: withdraw
15:40:34.808 [main] DEBUG Bank.BankImpl - Finished function: withdraw
15:40:34.809 [main] DEBUG Bank.BankImpl - Started function: getBalance
15:40:34.809 [main] DEBUG Bank.BankImpl - Finished function: getBalance
15:40:34.813 [main] INFO  Bank.BankImpl - Object class Bank.BankImpl created
15:40:34.814 [main] DEBUG Bank.BankImpl - Started function: createAccount
15:40:34.814 [main] DEBUG Bank.BankImpl - Started function: findAccount
15:40:34.814 [main] DEBUG Bank.BankImpl - Finished function: findAccount
15:40:34.815 [main] DEBUG Bank.BankImpl - Started function: withdraw
15:40:34.819 [main] INFO  Bank.BankImpl - Object class Bank.BankImpl created
15:40:34.825 [main] DEBUG Bank.BankImpl - Started function: createAccount
15:40:34.825 [main] DEBUG Bank.BankImpl - Started function: findAccount
15:40:34.826 [main] DEBUG Bank.BankImpl - Finished function: findAccount
15:40:34.827 [main] DEBUG Bank.BankImpl - Started function: getBalance
15:40:34.827 [main] ERROR Bank.BankImpl - Thrown error: class Bank.Bank$AccountIdException with communicate: Cannot find - too small id
15:40:34.831 [main] INFO  Bank.BankImpl - Object class Bank.BankImpl created
15:40:34.831 [main] DEBUG Bank.BankImpl - Started function: createAccount
15:40:34.832 [main] DEBUG Bank.BankImpl - Started function: findAccount
15:40:34.832 [main] DEBUG Bank.BankImpl - Finished function: findAccount
15:40:34.836 [main] DEBUG Bank.BankImpl - Started function: getBalance
15:40:34.836 [main] ERROR Bank.BankImpl - Thrown error: class Bank.Bank$AccountIdException with communicate: Cannot find - too big id
15:40:34.904 [main] INFO  Bank.BankImpl - Object class Bank.BankImpl created
15:40:34.904 [main] DEBUG Bank.BankImpl - Started function: createAccount
15:40:34.905 [main] DEBUG Bank.BankImpl - Started function: findAccount
15:40:34.905 [main] DEBUG Bank.BankImpl - Finished function: findAccount
15:40:34.905 [main] DEBUG Bank.BankImpl - Started function: deposit
15:40:34.905 [main] DEBUG Bank.BankImpl - Finished function: deposit
15:40:34.905 [main] DEBUG Bank.BankImpl - Started function: getBalance
15:40:34.905 [main] DEBUG Bank.BankImpl - Finished function: getBalance
15:40:34.912 [main] INFO  Bank.BankImpl - Object class Bank.BankImpl created
15:40:34.912 [main] DEBUG Bank.BankImpl - Started function: createAccount
15:40:34.912 [main] DEBUG Bank.BankImpl - Started function: findAccount
15:40:34.912 [main] DEBUG Bank.BankImpl - Finished function: findAccount
15:40:34.913 [main] DEBUG Bank.BankImpl - Started function: getBalance
15:40:34.913 [main] ERROR Bank.BankImpl - Thrown error: class Bank.Bank$AccountIdException with communicate: Cannot find - too big id
15:40:34.917 [main] INFO  Bank.BankImpl - Object class Bank.BankImpl created
15:40:34.917 [main] DEBUG Bank.BankImpl - Started function: createAccount
15:40:34.917 [main] DEBUG Bank.BankImpl - Started function: findAccount
15:40:34.917 [main] DEBUG Bank.BankImpl - Finished function: findAccount
15:40:34.918 [main] DEBUG Bank.BankImpl - Started function: getBalance
15:40:34.918 [main] ERROR Bank.BankImpl - Thrown error: class Bank.Bank$AccountIdException with communicate: Cannot find - too small id
15:40:34.922 [main] INFO  Bank.BankImpl - Object class Bank.BankImpl created
15:40:34.922 [main] DEBUG Bank.BankImpl - Started function: createAccount
15:40:34.923 [main] DEBUG Bank.BankImpl - Started function: findAccount
15:40:34.923 [main] DEBUG Bank.BankImpl - Finished function: findAccount
15:40:34.924 [main] DEBUG Bank.BankImpl - Started function: getBalance
15:40:34.924 [main] DEBUG Bank.BankImpl - Finished function: getBalance
15:40:34.935 [main] INFO  Bank.BankImpl - Object class Bank.BankImpl created
15:40:34.936 [main] DEBUG Bank.BankImpl - Started function: createAccount
15:40:34.937 [main] DEBUG Bank.BankImpl - Started function: findAccount
15:40:34.937 [main] DEBUG Bank.BankImpl - Finished function: findAccount
15:40:34.937 [main] DEBUG Bank.BankImpl - Started function: deposit
15:40:34.938 [main] DEBUG Bank.BankImpl - Finished function: deposit
15:40:34.939 [main] DEBUG Bank.BankImpl - Started function: deposit
15:40:34.939 [main] DEBUG Bank.BankImpl - Finished function: deposit
15:40:34.941 [main] DEBUG Bank.BankImpl - Started function: getBalance
15:40:34.941 [main] DEBUG Bank.BankImpl - Finished function: getBalance
15:40:34.948 [main] INFO  Bank.BankImpl - Object class Bank.BankImpl created
15:40:34.948 [main] DEBUG Bank.BankImpl - Started function: createAccount
15:40:34.948 [main] DEBUG Bank.BankImpl - Started function: findAccount
15:40:34.948 [main] DEBUG Bank.BankImpl - Finished function: findAccount
15:40:34.948 [main] DEBUG Bank.BankImpl - Started function: deposit
15:40:34.948 [main] ERROR Bank.BankImpl - Thrown error: class Bank.Bank$AccountIdException with communicate: Cannot find - too big id
15:40:34.955 [main] INFO  Bank.BankImpl - Object class Bank.BankImpl created
15:40:34.955 [main] DEBUG Bank.BankImpl - Started function: createAccount
15:40:34.957 [main] DEBUG Bank.BankImpl - Started function: findAccount
15:40:34.957 [main] DEBUG Bank.BankImpl - Finished function: findAccount
15:40:34.960 [main] DEBUG Bank.BankImpl - Started function: deposit
15:40:34.963 [main] ERROR Bank.BankImpl - Thrown error: class Bank.Bank$AccountIdException with communicate: Cannot find - too small id
15:40:34.972 [main] INFO  Bank.BankImpl - Object class Bank.BankImpl created
15:40:34.974 [main] DEBUG Bank.BankImpl - Started function: createAccount
15:40:34.979 [main] DEBUG Bank.BankImpl - Started function: findAccount
15:40:34.979 [main] DEBUG Bank.BankImpl - Finished function: findAccount
15:40:34.979 [main] DEBUG Bank.BankImpl - Started function: deposit
15:40:34.979 [main] DEBUG Bank.BankImpl - Finished function: deposit
15:40:34.979 [main] DEBUG Bank.BankImpl - Started function: getBalance
15:40:34.979 [main] DEBUG Bank.BankImpl - Finished function: getBalance
15:40:35.037 [main] INFO  Bank.BankImpl - Object class Bank.BankImpl created
15:40:35.039 [main] DEBUG Bank.BankImpl - Started function: createAccount
15:40:35.042 [main] DEBUG Bank.BankImpl - Started function: findAccount
15:40:35.047 [main] DEBUG Bank.BankImpl - Finished function: findAccount
15:40:35.047 [main] DEBUG Bank.BankImpl - Started function: findAccount
15:40:35.047 [main] DEBUG Bank.BankImpl - Finished function: findAccount
15:40:35.051 [main] INFO  Bank.BankImpl - Object class Bank.BankImpl created
15:40:35.052 [main] DEBUG Bank.BankImpl - Started function: findAccount
15:40:35.052 [main] DEBUG Bank.BankImpl - Finished function: findAccount
15:40:35.061 [main] INFO  Bank.BankImpl - Object class Bank.BankImpl created
15:40:35.061 [main] DEBUG Bank.BankImpl - Started function: createAccount
15:40:35.061 [main] DEBUG Bank.BankImpl - Started function: findAccount
15:40:35.061 [main] DEBUG Bank.BankImpl - Finished function: findAccount
15:40:35.062 [main] DEBUG Bank.BankImpl - Started function: createAccount
15:40:35.062 [main] DEBUG Bank.BankImpl - Started function: findAccount
15:40:35.062 [main] DEBUG Bank.BankImpl - Finished function: findAccount
15:40:35.062 [main] DEBUG Bank.BankImpl - Finished function: createAccount
15:40:35.062 [main] DEBUG Bank.BankImpl - Started function: createAccount
15:40:35.063 [main] DEBUG Bank.BankImpl - Started function: findAccount
15:40:35.063 [main] DEBUG Bank.BankImpl - Finished function: findAccount
15:40:35.063 [main] DEBUG Bank.BankImpl - Finished function: createAccount
15:40:35.066 [main] INFO  Bank.BankImpl - Object class Bank.BankImpl created
15:40:35.066 [main] DEBUG Bank.BankImpl - Started function: createAccount
15:40:35.066 [main] DEBUG Bank.BankImpl - Started function: findAccount
15:40:35.067 [main] DEBUG Bank.BankImpl - Finished function: findAccount
15:40:35.067 [main] DEBUG Bank.BankImpl - Started function: createAccount
15:40:35.067 [main] DEBUG Bank.BankImpl - Started function: findAccount
15:40:35.067 [main] DEBUG Bank.BankImpl - Finished function: findAccount
15:45:56.650 [main] INFO  Bank.BankImpl - Object class Bank.BankImpl created
15:45:56.653 [main] DEBUG Bank.BankImpl - Started function: createAccount
15:45:56.653 [main] DEBUG Bank.BankImpl - Started function: findAccount
15:45:56.654 [main] DEBUG Bank.BankImpl - Finished function: findAccount
15:45:56.654 [main] DEBUG Bank.BankImpl - Started function: createAccount
15:45:56.656 [main] DEBUG Bank.BankImpl - Started function: findAccount
15:45:56.656 [main] DEBUG Bank.BankImpl - Finished function: findAccount
15:45:56.665 [main] DEBUG Bank.BankImpl - Started function: getBalance
15:45:56.665 [main] ERROR Bank.BankImpl - Thrown error: class Bank.Bank$AccountIdException with communicate: Cannot find - too small id
15:45:56.677 [main] INFO  Bank.BankImpl - Object class Bank.BankImpl created
15:45:56.677 [main] DEBUG Bank.BankImpl - Started function: createAccount
15:45:56.678 [main] DEBUG Bank.BankImpl - Started function: findAccount
15:45:56.678 [main] DEBUG Bank.BankImpl - Finished function: findAccount
15:45:56.678 [main] DEBUG Bank.BankImpl - Started function: createAccount
15:45:56.678 [main] DEBUG Bank.BankImpl - Started function: findAccount
15:45:56.678 [main] DEBUG Bank.BankImpl - Finished function: findAccount
15:45:56.679 [main] DEBUG Bank.BankImpl - Started function: transfer
15:45:56.679 [main] DEBUG Bank.BankImpl - Started function: withdraw
15:45:56.682 [main] INFO  Bank.BankImpl - Object class Bank.BankImpl created
15:45:56.682 [main] DEBUG Bank.BankImpl - Started function: createAccount
15:45:56.683 [main] DEBUG Bank.BankImpl - Started function: findAccount
15:45:56.683 [main] DEBUG Bank.BankImpl - Finished function: findAccount
15:45:56.683 [main] DEBUG Bank.BankImpl - Started function: createAccount
15:45:56.683 [main] DEBUG Bank.BankImpl - Started function: findAccount
15:45:56.683 [main] DEBUG Bank.BankImpl - Finished function: findAccount
15:45:56.683 [main] DEBUG Bank.BankImpl - Started function: deposit
15:45:56.684 [main] DEBUG Bank.BankImpl - Finished function: deposit
